{"/home/mikhail/Рабочий стол/backend-project-46/backend-project-46/src/findDiff.js": {"path":"/home/mikhail/Рабочий стол/backend-project-46/backend-project-46/src/findDiff.js","statementMap":{"0":{"start":{"line":4,"column":23},"end":{"line":34,"column":1}},"1":{"start":{"line":6,"column":21},"end":{"line":6,"column":41}},"2":{"start":{"line":7,"column":21},"end":{"line":7,"column":41}},"3":{"start":{"line":10,"column":20},"end":{"line":10,"column":87}},"4":{"start":{"line":13,"column":19},"end":{"line":18,"column":8}},"5":{"start":{"line":14,"column":4},"end":{"line":16,"column":5}},"6":{"start":{"line":15,"column":6},"end":{"line":15,"column":16}},"7":{"start":{"line":17,"column":4},"end":{"line":17,"column":25}},"8":{"start":{"line":21,"column":17},"end":{"line":31,"column":4}},"9":{"start":{"line":22,"column":4},"end":{"line":30,"column":5}},"10":{"start":{"line":23,"column":6},"end":{"line":23,"column":144}},"11":{"start":{"line":25,"column":9},"end":{"line":30,"column":5}},"12":{"start":{"line":26,"column":6},"end":{"line":26,"column":43}},"13":{"start":{"line":29,"column":6},"end":{"line":29,"column":43}},"14":{"start":{"line":32,"column":15},"end":{"line":32,"column":43}},"15":{"start":{"line":33,"column":2},"end":{"line":33,"column":13}}},"fnMap":{"0":{"name":"(anonymous_0)","decl":{"start":{"line":4,"column":23},"end":{"line":4,"column":24}},"loc":{"start":{"line":4,"column":49},"end":{"line":34,"column":1}},"line":4},"1":{"name":"(anonymous_1)","decl":{"start":{"line":13,"column":38},"end":{"line":13,"column":39}},"loc":{"start":{"line":13,"column":53},"end":{"line":18,"column":3}},"line":13},"2":{"name":"(anonymous_2)","decl":{"start":{"line":21,"column":30},"end":{"line":21,"column":31}},"loc":{"start":{"line":21,"column":39},"end":{"line":31,"column":3}},"line":21}},"branchMap":{"0":{"loc":{"start":{"line":14,"column":4},"end":{"line":16,"column":5}},"type":"if","locations":[{"start":{"line":14,"column":4},"end":{"line":16,"column":5}},{"start":{},"end":{}}],"line":14},"1":{"loc":{"start":{"line":22,"column":4},"end":{"line":30,"column":5}},"type":"if","locations":[{"start":{"line":22,"column":4},"end":{"line":30,"column":5}},{"start":{"line":25,"column":9},"end":{"line":30,"column":5}}],"line":22},"2":{"loc":{"start":{"line":22,"column":8},"end":{"line":22,"column":72}},"type":"binary-expr","locations":[{"start":{"line":22,"column":8},"end":{"line":22,"column":38}},{"start":{"line":22,"column":42},"end":{"line":22,"column":72}}],"line":22},"3":{"loc":{"start":{"line":23,"column":13},"end":{"line":23,"column":144}},"type":"cond-expr","locations":[{"start":{"line":23,"column":51},"end":{"line":23,"column":81}},{"start":{"line":23,"column":84},"end":{"line":23,"column":144}}],"line":23},"4":{"loc":{"start":{"line":25,"column":9},"end":{"line":30,"column":5}},"type":"if","locations":[{"start":{"line":25,"column":9},"end":{"line":30,"column":5}},{"start":{"line":28,"column":9},"end":{"line":30,"column":5}}],"line":25}},"s":{"0":1,"1":1,"2":1,"3":1,"4":1,"5":5,"6":0,"7":5,"8":1,"9":5,"10":2,"11":3,"12":2,"13":1,"14":1,"15":1},"f":{"0":1,"1":5,"2":5},"b":{"0":[0,5],"1":[2,3],"2":[5,4],"3":[1,1],"4":[2,1]},"_coverageSchema":"1a1c01bbd47fc00a2c39e90264f33305004495a9","hash":"ab98dbc6ca944bc5ea1d529d33766ef09d557550"}
,"/home/mikhail/Рабочий стол/backend-project-46/backend-project-46/src/parse-data.js": {"path":"/home/mikhail/Рабочий стол/backend-project-46/backend-project-46/src/parse-data.js","statementMap":{"0":{"start":{"line":6,"column":18},"end":{"line":12,"column":1}},"1":{"start":{"line":7,"column":19},"end":{"line":7,"column":54}},"2":{"start":{"line":8,"column":15},"end":{"line":8,"column":49}},"3":{"start":{"line":9,"column":16},"end":{"line":9,"column":32}},"4":{"start":{"line":11,"column":2},"end":{"line":11,"column":14}}},"fnMap":{"0":{"name":"(anonymous_0)","decl":{"start":{"line":6,"column":18},"end":{"line":6,"column":19}},"loc":{"start":{"line":6,"column":32},"end":{"line":12,"column":1}},"line":6}},"branchMap":{},"s":{"0":1,"1":2,"2":2,"3":2,"4":2},"f":{"0":2},"b":{},"_coverageSchema":"1a1c01bbd47fc00a2c39e90264f33305004495a9","hash":"624d1e9476e28d6c8d94e975cd3d8da3abc143e7"}
}
