TN:
SF:src/findDiff.js
FN:4,(anonymous_0)
FN:13,(anonymous_1)
FN:21,(anonymous_2)
FNF:3
FNH:3
FNDA:1,(anonymous_0)
FNDA:5,(anonymous_1)
FNDA:5,(anonymous_2)
DA:4,1
DA:6,1
DA:7,1
DA:10,1
DA:13,1
DA:14,5
DA:15,0
DA:17,5
DA:21,1
DA:22,5
DA:23,2
DA:25,3
DA:26,2
DA:29,1
DA:32,1
DA:33,1
LF:16
LH:15
BRDA:14,0,0,0
BRDA:14,0,1,5
BRDA:22,1,0,2
BRDA:22,1,1,3
BRDA:22,2,0,5
BRDA:22,2,1,4
BRDA:23,3,0,1
BRDA:23,3,1,1
BRDA:25,4,0,2
BRDA:25,4,1,1
BRF:10
BRH:9
end_of_record
TN:
SF:src/parse-data.js
FN:6,(anonymous_0)
FNF:1
FNH:1
FNDA:2,(anonymous_0)
DA:6,1
DA:7,2
DA:8,2
DA:9,2
DA:11,2
LF:5
LH:5
BRF:0
BRH:0
end_of_record
